<?xml version="1.0" encoding="UTF-8"?>
<!-- Generated by org.testng.reporters.JUnitReportReporter -->
<testsuite hostname="DESKTOP-G10J9CG" failures="0" tests="1" name="testCases.TC_001_AccountRegistrationTest" time="1.799" errors="0" timestamp="2023-05-15T18:26:26 IST" skipped="0">
  <testcase classname="testCases.TC_001_AccountRegistrationTest" name="test_account_Registration" time="1.799"/>
  <system-out/>
</testsuite> <!-- testCases.TC_001_AccountRegistrationTest -->
