<?xml version="1.0" encoding="UTF-8"?>
<!-- Generated by org.testng.reporters.JUnitReportReporter -->
<testsuite skipped="0" hostname="DESKTOP-G10J9CG" name="testCases.TC_001_AccountRegistrationTest" tests="1" failures="0" timestamp="2023-05-15T20:16:47 IST" time="1.850" errors="0">
  <testcase name="test_account_Registration" time="1.850" classname="testCases.TC_001_AccountRegistrationTest"/>
  <system-out/>
</testsuite> <!-- testCases.TC_001_AccountRegistrationTest -->
